Determining if the pthread_create exist failed with the following output:
Change Dir: /home/armsoft/publish/build/CMakeFiles/CMakeTmp

Run Build Command:/usr/bin/make "cmTryCompileExec1461392227/fast"
/usr/bin/make -f CMakeFiles/cmTryCompileExec1461392227.dir/build.make CMakeFiles/cmTryCompileExec1461392227.dir/build
make[1]: 正在进入目录 `/home/armsoft/publish/build/CMakeFiles/CMakeTmp'
/usr/bin/cmake -E cmake_progress_report /home/armsoft/publish/build/CMakeFiles/CMakeTmp/CMakeFiles 1
Building C object CMakeFiles/cmTryCompileExec1461392227.dir/CheckSymbolExists.c.o
/usr/bin/cc    -o CMakeFiles/cmTryCompileExec1461392227.dir/CheckSymbolExists.c.o   -c /home/armsoft/publish/build/CMakeFiles/CMakeTmp/CheckSymbolExists.c
Linking C executable cmTryCompileExec1461392227
/usr/bin/cmake -E cmake_link_script CMakeFiles/cmTryCompileExec1461392227.dir/link.txt --verbose=1
/usr/bin/cc       CMakeFiles/cmTryCompileExec1461392227.dir/CheckSymbolExists.c.o  -o cmTryCompileExec1461392227 -rdynamic 
CMakeFiles/cmTryCompileExec1461392227.dir/CheckSymbolExists.c.o：在函数‘main’中：
CheckSymbolExists.c:(.text+0x16)：对‘pthread_create’未定义的引用
collect2: error: ld returned 1 exit status
make[1]: *** [cmTryCompileExec1461392227] 错误 1
make[1]:正在离开目录 `/home/armsoft/publish/build/CMakeFiles/CMakeTmp'
make: *** [cmTryCompileExec1461392227/fast] 错误 2

File /home/armsoft/publish/build/CMakeFiles/CMakeTmp/CheckSymbolExists.c:
/* */
#include <pthread.h>

int main(int argc, char** argv)
{
  (void)argv;
#ifndef pthread_create
  return ((int*)(&pthread_create))[argc];
#else
  (void)argc;
  return 0;
#endif
}

Determining if the function pthread_create exists in the pthreads failed with the following output:
Change Dir: /home/armsoft/publish/build/CMakeFiles/CMakeTmp

Run Build Command:/usr/bin/make "cmTryCompileExec995677914/fast"
/usr/bin/make -f CMakeFiles/cmTryCompileExec995677914.dir/build.make CMakeFiles/cmTryCompileExec995677914.dir/build
make[1]: 正在进入目录 `/home/armsoft/publish/build/CMakeFiles/CMakeTmp'
/usr/bin/cmake -E cmake_progress_report /home/armsoft/publish/build/CMakeFiles/CMakeTmp/CMakeFiles 1
Building C object CMakeFiles/cmTryCompileExec995677914.dir/CheckFunctionExists.c.o
/usr/bin/cc   -DCHECK_FUNCTION_EXISTS=pthread_create   -o CMakeFiles/cmTryCompileExec995677914.dir/CheckFunctionExists.c.o   -c /usr/share/cmake-2.8/Modules/CheckFunctionExists.c
Linking C executable cmTryCompileExec995677914
/usr/bin/cmake -E cmake_link_script CMakeFiles/cmTryCompileExec995677914.dir/link.txt --verbose=1
/usr/bin/cc   -DCHECK_FUNCTION_EXISTS=pthread_create    CMakeFiles/cmTryCompileExec995677914.dir/CheckFunctionExists.c.o  -o cmTryCompileExec995677914 -rdynamic -lpthreads 
/usr/bin/ld: 找不到 -lpthreads
collect2: error: ld returned 1 exit status
make[1]: *** [cmTryCompileExec995677914] 错误 1
make[1]:正在离开目录 `/home/armsoft/publish/build/CMakeFiles/CMakeTmp'
make: *** [cmTryCompileExec995677914/fast] 错误 2


