Determining if the pthread_create exist failed with the following output:
Change Dir: /home/zoupeng/publish/src/publisher-build/CMakeFiles/CMakeTmp

Run Build Command:/usr/bin/make "cmTryCompileExec3334293190/fast"
/usr/bin/make -f CMakeFiles/cmTryCompileExec3334293190.dir/build.make CMakeFiles/cmTryCompileExec3334293190.dir/build
make[1]: Entering directory `/home/zoupeng/publish/src/publisher-build/CMakeFiles/CMakeTmp'
/usr/bin/cmake -E cmake_progress_report /home/zoupeng/publish/src/publisher-build/CMakeFiles/CMakeTmp/CMakeFiles 1
Building C object CMakeFiles/cmTryCompileExec3334293190.dir/CheckSymbolExists.c.o
/usr/bin/cc    -o CMakeFiles/cmTryCompileExec3334293190.dir/CheckSymbolExists.c.o   -c /home/zoupeng/publish/src/publisher-build/CMakeFiles/CMakeTmp/CheckSymbolExists.c
Linking C executable cmTryCompileExec3334293190
/usr/bin/cmake -E cmake_link_script CMakeFiles/cmTryCompileExec3334293190.dir/link.txt --verbose=1
/usr/bin/cc       CMakeFiles/cmTryCompileExec3334293190.dir/CheckSymbolExists.c.o  -o cmTryCompileExec3334293190 -rdynamic 
CMakeFiles/cmTryCompileExec3334293190.dir/CheckSymbolExists.c.o: In function `main':
CheckSymbolExists.c:(.text+0x16): undefined reference to `pthread_create'
collect2: error: ld returned 1 exit status
make[1]: *** [cmTryCompileExec3334293190] Error 1
make[1]: Leaving directory `/home/zoupeng/publish/src/publisher-build/CMakeFiles/CMakeTmp'
make: *** [cmTryCompileExec3334293190/fast] Error 2

File /home/zoupeng/publish/src/publisher-build/CMakeFiles/CMakeTmp/CheckSymbolExists.c:
/* */
#include <pthread.h>

int main(int argc, char** argv)
{
  (void)argv;
#ifndef pthread_create
  return ((int*)(&pthread_create))[argc];
#else
  (void)argc;
  return 0;
#endif
}

Determining if the function pthread_create exists in the pthreads failed with the following output:
Change Dir: /home/zoupeng/publish/src/publisher-build/CMakeFiles/CMakeTmp

Run Build Command:/usr/bin/make "cmTryCompileExec3173093840/fast"
/usr/bin/make -f CMakeFiles/cmTryCompileExec3173093840.dir/build.make CMakeFiles/cmTryCompileExec3173093840.dir/build
make[1]: Entering directory `/home/zoupeng/publish/src/publisher-build/CMakeFiles/CMakeTmp'
/usr/bin/cmake -E cmake_progress_report /home/zoupeng/publish/src/publisher-build/CMakeFiles/CMakeTmp/CMakeFiles 1
Building C object CMakeFiles/cmTryCompileExec3173093840.dir/CheckFunctionExists.c.o
/usr/bin/cc   -DCHECK_FUNCTION_EXISTS=pthread_create   -o CMakeFiles/cmTryCompileExec3173093840.dir/CheckFunctionExists.c.o   -c /usr/share/cmake-2.8/Modules/CheckFunctionExists.c
Linking C executable cmTryCompileExec3173093840
/usr/bin/cmake -E cmake_link_script CMakeFiles/cmTryCompileExec3173093840.dir/link.txt --verbose=1
/usr/bin/cc   -DCHECK_FUNCTION_EXISTS=pthread_create    CMakeFiles/cmTryCompileExec3173093840.dir/CheckFunctionExists.c.o  -o cmTryCompileExec3173093840 -rdynamic -lpthreads 
/usr/bin/ld: cannot find -lpthreads
collect2: error: ld returned 1 exit status
make[1]: Leaving directory `/home/zoupeng/publish/src/publisher-build/CMakeFiles/CMakeTmp'
make[1]: *** [cmTryCompileExec3173093840] Error 1
make: *** [cmTryCompileExec3173093840/fast] Error 2


